<?xml version="1.0" encoding="UTF-8"?>
<!-- Generated by org.testng.reporters.JUnitReportReporter -->
<testsuite hostname="EC2AMAZ-S11DBRH" failures="0" tests="4" name="testScripts.PlaceOrderTest" time="1.282" errors="0" timestamp="2024-05-03T07:28:54 GMT" skipped="0">
  <testcase classname="testScripts.PlaceOrderTest" name="validLogin" time="0.392"/>
  <system-out/>
  <testcase classname="testScripts.PlaceOrderTest" name="addItem" time="0.237"/>
  <system-out/>
  <testcase classname="testScripts.PlaceOrderTest" name="checkoutTest" time="0.145"/>
  <system-out/>
  <testcase classname="testScripts.PlaceOrderTest" name="completeOrder" time="0.508"/>
  <system-out/>
</testsuite> <!-- testScripts.PlaceOrderTest -->
